<?xml version="1.0" encoding="UTF-8"?>
<!-- Generated by org.testng.reporters.JUnitXMLReporter -->
<testsuite ignored="1" hostname="Lenovo" failures="0" tests="7" name="Default test" time="38.699" errors="0" timestamp="2023-11-21T20:20:25 IST">
  <testcase classname="org.sinc.SimpleProject" name="tc1" time="7.071"/>
  <testcase classname="org.sinc.SimpleProject" name="tc1" time="2.0"/>
  <testcase classname="org.sinc.SimpleProject" name="tc3" time="0.005"/>
  <testcase classname="org.sinc.SimpleProject" name="tc4" time="4.004"/>
  <testcase classname="org.sinc.SimpleProject" name="tc5" time="7.281"/>
  <testcase classname="org.sinc.SimpleProject" name="tc6" time="6.039"/>
  <testcase classname="org.sinc.SimpleProject" name="tc7" time="0.003"/>
  <testcase classname="org.sinc.SimpleProject" name="tc2" time="0.0">
    <ignored/>
  </testcase> <!-- tc2 -->
</testsuite> <!-- Default test -->
