<?xml version="1.0" encoding="UTF-8"?>
<!-- Generated by org.testng.reporters.JUnitXMLReporter -->
<testsuite ignored="1" hostname="Lenovo" failures="0" tests="5" name="Default test" time="0.4" errors="0" timestamp="2023-11-22T18:09:42 IST">
  <testcase classname="org.test.BClass" name="tc21" time="0.041"/>
  <testcase classname="org.test.BClass" name="tc21" time="0.01"/>
  <testcase classname="org.test.BClass" name="tc21" time="0.012"/>
  <testcase classname="org.test.BClass" name="tc21" time="0.018"/>
  <testcase classname="org.test.BClass" name="tc25" time="0.011"/>
  <testcase classname="org.test.BClass" name="tc23" time="0.0">
    <ignored/>
  </testcase> <!-- tc23 -->
</testsuite> <!-- Default test -->
